Running: D:\ISE\14.7\ISE_DS\ISE\bin\nt64\unwrapped\fuse.exe -intstyle ise -incremental -lib unisims_ver -lib unimacro_ver -lib xilinxcorelib_ver -lib secureip -o D:/ISE/CPU_P7/mips_txt_isim_beh.exe -prj D:/ISE/CPU_P7/mips_txt_beh.prj work.mips_txt work.glbl 
ISim P.20131013 (signature 0x7708f090)
Number of CPUs detected in this system: 8
Turning on mult-threading, number of parallel sub-compilation jobs: 16 
Determining compilation order of HDL files
Analyzing Verilog file "D:/ISE/CPU_P7/TypeGet.v" into library work
Analyzing Verilog file "D:/ISE/CPU_P7/RF.v" into library work
Analyzing Verilog file "D:/ISE/CPU_P7/pipReg.v" into library work
Analyzing Verilog file "D:/ISE/CPU_P7/MD.v" into library work
Analyzing Verilog file "D:/ISE/CPU_P7/IFU.v" into library work
Analyzing Verilog file "D:/ISE/CPU_P7/EXT.v" into library work
Analyzing Verilog file "D:/ISE/CPU_P7/DMW.v" into library work
Analyzing Verilog file "D:/ISE/CPU_P7/DMR.v" into library work
Analyzing Verilog file "D:/ISE/CPU_P7/CP0.v" into library work
Analyzing Verilog file "D:/ISE/CPU_P7/Control.v" into library work
Analyzing Verilog file "D:/ISE/CPU_P7/CBT.v" into library work
Analyzing Verilog file "D:/ISE/CPU_P7/ALU.v" into library work
Analyzing Verilog file "D:/ISE/CPU_P7/Timer.v" into library work
Analyzing Verilog file "D:/ISE/CPU_P7/CPU.v" into library work
Analyzing Verilog file "D:/ISE/CPU_P7/Bridge.v" into library work
Analyzing Verilog file "D:/ISE/CPU_P7/mips.v" into library work
Analyzing Verilog file "D:/ISE/CPU_P7/tb_without_interrupt.v" into library work
Analyzing Verilog file "D:/ISE/14.7/ISE_DS/ISE//verilog/src/glbl.v" into library work
Starting static elaboration
WARNING:HDLCompiler:1016 - "D:/ISE/CPU_P7/CPU.v" Line 201: Port d1_i is not connected to this instance
WARNING:HDLCompiler:1016 - "D:/ISE/CPU_P7/CPU.v" Line 316: Port EXTOp_i is not connected to this instance
WARNING:HDLCompiler:1016 - "D:/ISE/CPU_P7/CPU.v" Line 431: Port d3_i is not connected to this instance
WARNING:HDLCompiler:1016 - "D:/ISE/CPU_P7/CPU.v" Line 572: Port d3_i is not connected to this instance
WARNING:HDLCompiler:1016 - "D:/ISE/CPU_P7/CBT.v" Line 102: Port wd is not connected to this instance
WARNING:HDLCompiler:1016 - "D:/ISE/CPU_P7/CBT.v" Line 120: Port urs is not connected to this instance
WARNING:HDLCompiler:1016 - "D:/ISE/CPU_P7/CBT.v" Line 128: Port urs is not connected to this instance
Completed static elaboration
Compiling module IFU
Compiling module Control
Compiling module pipReg
Compiling module RF
Compiling module EXT
Compiling module ALU
Compiling module MD
Compiling module DMW
Compiling module CP0
Compiling module DMR
Compiling module TypeGet
Compiling module CBT
Compiling module CPU
Compiling module Bridge
Compiling module TC
Compiling module mips
Compiling module mips_txt
Compiling module glbl
Time Resolution for simulation is 1ps.
Waiting for 3 sub-compilation(s) to finish...
WARNING:Simulator - Unable to copy libPortabilityNOSH.dll to the simulation executable directory: boost::filesystem::copy_file: 系统找不到指定的路径。, "isim\mips_txt_isim_beh.exe.sim\libPortability.dll".
Compiled 18 Verilog Units
Built simulation executable D:/ISE/CPU_P7/mips_txt_isim_beh.exe
Fuse Memory Usage: 33672 KB
Fuse CPU Usage: 577 ms
