ISim log file
Running: D:\ISE\CPU\mips_tb_isim_beh.exe -intstyle ise -gui -tclbatch isim.cmd -wdb D:/ISE/CPU/mips_tb_isim_beh.wdb 
ISim P.20131013 (signature 0x7708f090)
WARNING: A WEBPACK license was found.
WARNING: Please use Xilinx License Configuration Manager to check out a full ISim license.
WARNING: ISim will run in Lite mode. Please refer to the ISim documentation for more information on the differences between the Lite and the Full version.
This is a Lite version of ISim.
Time resolution is 1 ps
# onerror resume
# wave add /
# run 1000 ns
Simulator is doing circuit initialization process.
Finished circuit initialization process.
@00003000: $ 8 <= 00001234
@00003004: $ 5 <= ffff0000
@00003008: $ 5 <= ffffffff
@0000300c: $25 <= 00000000
@00003010: $25 <= 00000001
@00003014: $25 <= 00000000
@00003018: $31 <= 0000301c
@0000305c: $ 2 <= ffff0000
@0000301c: $11 <= 00001233
@00003020: $12 <= ffffedcb
@00003024: $27 <= 00001235
@00003028: $12 <= 00002469
@0000302c: $12 <= 0000246a
@00003030: $13 <= ffffedca
@00003034: $14 <= ffffedcb
@00003038: $ 9 <= 10100000
@0000303c: $ 9 <= 1010ffff
@00003040: *00000008 <= 1010ffff
@00003044: *00000ffc <= 00001235
@00003048: $16 <= 1010ffff
@0000304c: $17 <= 1010ffff
@00003050: $18 <= 00001235
